<?xml version="1.0" encoding="UTF-8"?>
<!-- Generated by org.testng.reporters.JUnitReportReporter -->
<testsuite skipped="0" hostname="LAPTOP-7HUNRUID" name="com.demo.nopcommerce.testsuite.LoginTest" tests="1" failures="0" timestamp="13 Apr 2020 21:33:51 GMT" time="16.778" errors="0">
  <testcase name="verifyUserIsAbletoNavigatetoLoginPage" time="16.778" classname="com.demo.nopcommerce.testsuite.LoginTest"/>
</testsuite> <!-- com.demo.nopcommerce.testsuite.LoginTest -->
