<?xml version="1.0" encoding="UTF-8"?>
<!-- Generated by org.testng.reporters.JUnitReportReporter -->
<testsuite skipped="0" hostname="LAPTOP-7HUNRUID" name="com.demo.nopcommerce.testsuite.HomePageTest" tests="2" failures="0" timestamp="13 Apr 2020 21:33:51 GMT" time="33.594" errors="0">
  <testcase name="verifyThatListofAllElementsDisplayedOnHomePage" time="17.576" classname="com.demo.nopcommerce.testsuite.HomePageTest"/>
  <testcase name="verifyThatComputerLinkisDisplayed" time="16.018" classname="com.demo.nopcommerce.testsuite.HomePageTest"/>
</testsuite> <!-- com.demo.nopcommerce.testsuite.HomePageTest -->
